<?xml version="1.0" encoding="UTF-8"?>
<!-- Generated by org.testng.reporters.JUnitXMLReporter -->
<testsuite ignored="0" hostname="IITMSPC120" failures="1" tests="2" name="AL_Examination_COE_LockUnLockMarksTest" time="181.77" errors="0" timestamp="2024-11-22T18:51:33 IST">
  <testcase classname="ExaminationTest.AL_Examination_COE_LockUnLockMarksTest" name="lock_Unlock_Marks" time="87.781">
    <skipped/>
  </testcase> <!-- lock_Unlock_Marks -->
  <testcase classname="ExaminationTest.AL_Examination_COE_LockUnLockMarksTest" name="lock_Unlock_Marks" time="85.931">
    <failure type="org.openqa.selenium.NoSuchElementException" message="Cannot locate option with text: May 2022
For documentation on this error, please visit: https://www.selenium.dev/documentation/webdriver/troubleshooting/errors#no-such-element-exception
Build info: version: &amp;apos;4.22.0&amp;apos;, revision: &amp;apos;c5f3146703*&amp;apos;
System info: os.name: &amp;apos;Windows 10&amp;apos;, os.arch: &amp;apos;amd64&amp;apos;, os.version: &amp;apos;10.0&amp;apos;, java.version: &amp;apos;17.0.12&amp;apos;
Driver info: driver.version: unknown">
      <![CDATA[org.openqa.selenium.NoSuchElementException: Cannot locate option with text: May 2022
For documentation on this error, please visit: https://www.selenium.dev/documentation/webdriver/troubleshooting/errors#no-such-element-exception
Build info: version: '4.22.0', revision: 'c5f3146703*'
System info: os.name: 'Windows 10', os.arch: 'amd64', os.version: '10.0', java.version: '17.0.12'
Driver info: driver.version: unknown
at org.openqa.selenium.support.ui.Select.selectByVisibleText(Select.java:153)
at ExaminationTest.AL_Examination_COE_LockUnLockMarksTest.lock_Unlock_Marks(AL_Examination_COE_LockUnLockMarksTest.java:75)
at java.base/java.util.ArrayList.forEach(ArrayList.java:1511)
... Removed 27 stack frames]]>
    </failure>
  </testcase> <!-- lock_Unlock_Marks -->
</testsuite> <!-- AL_Examination_COE_LockUnLockMarksTest -->
