<?xml version="1.0" encoding="UTF-8"?>
<!-- Generated by org.testng.reporters.JUnitXMLReporter -->
<testsuite ignored="0" hostname="IITMSPC120" failures="1" tests="1" name="AL_Examination_COE_BundleCreationTest" time="39.327" errors="0" timestamp="2024-12-31T21:44:55 IST">
  <testcase classname="ExaminationTest.AL_Examination_COE_BundleCreationTest" name="aL_Examination_COE_BundleCreationTest" time="30.484">
    <failure type="org.openqa.selenium.ElementClickInterceptedException" message="element click intercepted: Element &amp;lt;input type=&amp;quot;submit&amp;quot; name=&amp;quot;ctl00$ContentPlaceHolder1$btnSubmit&amp;quot; value=&amp;quot;Submit&amp;quot; onclick=&amp;quot;javascript:WebForm_DoPostBackWithOptions(new WebForm_PostBackOptions(&amp;amp;quot;ctl00$ContentPlaceHolder1$btnSubmit&amp;amp;quot;, &amp;amp;quot;&amp;amp;quot;, true, &amp;amp;quot;submit&amp;amp;quot;, &amp;amp;quot;&amp;amp;quot;, false, false))&amp;quot; id=&amp;quot;ctl00_ContentPlaceHolder1_btnSubmit&amp;quot; tabindex=&amp;quot;1&amp;quot; class=&amp;quot;btn btn-primary&amp;quot;&amp;gt; is not clickable at point (417, 336). Other element would receive the click: &amp;lt;div id=&amp;quot;preloader&amp;quot;&amp;gt;...&amp;lt;/div&amp;gt;
  (Session info: chrome=131.0.6778.205)
Build info: version: &amp;apos;4.22.0&amp;apos;, revision: &amp;apos;c5f3146703*&amp;apos;
System info: os.name: &amp;apos;Windows 10&amp;apos;, os.arch: &amp;apos;amd64&amp;apos;, os.version: &amp;apos;10.0&amp;apos;, java.version: &amp;apos;17.0.12&amp;apos;
Driver info: org.openqa.selenium.chrome.ChromeDriver
Command: [a3beb8f75bdf22668247f65d6956afa7, clickElement {id=f.76A1A44744C2DB3492A07CC319DA75DE.d.A8C2DA53BA935855459D0C96CB6804C4.e.326}]
Capabilities {acceptInsecureCerts: false, browserName: chrome, browserVersion: 131.0.6778.205, chrome: {chromedriverVersion: 131.0.6778.204 (52183f9e99a..., userDataDir: C:\Users\Admin\AppData\Loca...}, fedcm:accounts: true, goog:chromeOptions: {debuggerAddress: localhost:52798}, networkConnectionEnabled: false, pageLoadStrategy: normal, platformName: windows, proxy: Proxy(), se:cdp: ws://localhost:52798/devtoo..., se:cdpVersion: 131.0.6778.205, setWindowRect: true, strictFileInteractability: false, timeouts: {implicit: 0, pageLoad: 300000, script: 30000}, unhandledPromptBehavior: dismiss and notify, webauthn:extension:credBlob: true, webauthn:extension:largeBlob: true, webauthn:extension:minPinLength: true, webauthn:extension:prf: true, webauthn:virtualAuthenticators: true}
Element: [[ChromeDriver: chrome on windows (a3beb8f75bdf22668247f65d6956afa7)] -&amp;gt; id: ctl00_ContentPlaceHolder1_btnSubmit]
Session ID: a3beb8f75bdf22668247f65d6956afa7">
      <![CDATA[org.openqa.selenium.ElementClickInterceptedException: element click intercepted: Element <input type="submit" name="ctl00$ContentPlaceHolder1$btnSubmit" value="Submit" onclick="javascript:WebForm_DoPostBackWithOptions(new WebForm_PostBackOptions(&quot;ctl00$ContentPlaceHolder1$btnSubmit&quot;, &quot;&quot;, true, &quot;submit&quot;, &quot;&quot;, false, false))" id="ctl00_ContentPlaceHolder1_btnSubmit" tabindex="1" class="btn btn-primary"> is not clickable at point (417, 336). Other element would receive the click: <div id="preloader">...</div>
  (Session info: chrome=131.0.6778.205)
Build info: version: '4.22.0', revision: 'c5f3146703*'
System info: os.name: 'Windows 10', os.arch: 'amd64', os.version: '10.0', java.version: '17.0.12'
Driver info: org.openqa.selenium.chrome.ChromeDriver
Command: [a3beb8f75bdf22668247f65d6956afa7, clickElement {id=f.76A1A44744C2DB3492A07CC319DA75DE.d.A8C2DA53BA935855459D0C96CB6804C4.e.326}]
Capabilities {acceptInsecureCerts: false, browserName: chrome, browserVersion: 131.0.6778.205, chrome: {chromedriverVersion: 131.0.6778.204 (52183f9e99a..., userDataDir: C:\Users\Admin\AppData\Loca...}, fedcm:accounts: true, goog:chromeOptions: {debuggerAddress: localhost:52798}, networkConnectionEnabled: false, pageLoadStrategy: normal, platformName: windows, proxy: Proxy(), se:cdp: ws://localhost:52798/devtoo..., se:cdpVersion: 131.0.6778.205, setWindowRect: true, strictFileInteractability: false, timeouts: {implicit: 0, pageLoad: 300000, script: 30000}, unhandledPromptBehavior: dismiss and notify, webauthn:extension:credBlob: true, webauthn:extension:largeBlob: true, webauthn:extension:minPinLength: true, webauthn:extension:prf: true, webauthn:virtualAuthenticators: true}
Element: [[ChromeDriver: chrome on windows (a3beb8f75bdf22668247f65d6956afa7)] -> id: ctl00_ContentPlaceHolder1_btnSubmit]
Session ID: a3beb8f75bdf22668247f65d6956afa7
at org.openqa.selenium.remote.ErrorCodec.decode(ErrorCodec.java:167)
at org.openqa.selenium.remote.codec.w3c.W3CHttpResponseCodec.decode(W3CHttpResponseCodec.java:138)
at org.openqa.selenium.remote.codec.w3c.W3CHttpResponseCodec.decode(W3CHttpResponseCodec.java:50)
at org.openqa.selenium.remote.HttpCommandExecutor.execute(HttpCommandExecutor.java:190)
at org.openqa.selenium.remote.service.DriverCommandExecutor.invokeExecute(DriverCommandExecutor.java:216)
at org.openqa.selenium.remote.service.DriverCommandExecutor.execute(DriverCommandExecutor.java:174)
at org.openqa.selenium.remote.RemoteWebDriver.execute(RemoteWebDriver.java:518)
at org.openqa.selenium.remote.RemoteWebElement.execute(RemoteWebElement.java:223)
at org.openqa.selenium.remote.RemoteWebElement.click(RemoteWebElement.java:76)
at ExaminationTest.AL_Examination_COE_BundleCreationTest.aL_Examination_COE_BundleCreationTest(AL_Examination_COE_BundleCreationTest.java:85)
at java.base/java.util.ArrayList.forEach(ArrayList.java:1511)
... Removed 33 stack frames]]>
    </failure>
  </testcase> <!-- aL_Examination_COE_BundleCreationTest -->
</testsuite> <!-- AL_Examination_COE_BundleCreationTest -->
