<?xml version="1.0" encoding="UTF-8"?>
<!-- Generated by org.testng.reporters.JUnitXMLReporter -->
<testsuite ignored="0" hostname="IITMSPC120" failures="1" tests="1" name="AL_Examination_ER_ExamReports_DegreeWiseTest" time="61.235" errors="0" timestamp="2024-12-31T21:50:17 IST">
  <testcase classname="ExaminationTest.AL_Examination_ER_ExamReports_DegreeWiseTest" name="aL_Examination_ER_ExamReports_DegreeWiseTest" time="58.889">
    <failure type="org.openqa.selenium.ElementClickInterceptedException" message="element click intercepted: Element &amp;lt;input type=&amp;quot;submit&amp;quot; name=&amp;quot;ctl00$ContentPlaceHolder1$btnCategoryWise&amp;quot; value=&amp;quot;Degree Wise&amp;quot; id=&amp;quot;ctl00_ContentPlaceHolder1_btnCategoryWise&amp;quot; tabindex=&amp;quot;1&amp;quot; class=&amp;quot;btn btn-info&amp;quot;&amp;gt; is not clickable at point (418, 425). Other element would receive the click: &amp;lt;div id=&amp;quot;preloader&amp;quot;&amp;gt;...&amp;lt;/div&amp;gt;
  (Session info: chrome=131.0.6778.205)
Build info: version: &amp;apos;4.22.0&amp;apos;, revision: &amp;apos;c5f3146703*&amp;apos;
System info: os.name: &amp;apos;Windows 10&amp;apos;, os.arch: &amp;apos;amd64&amp;apos;, os.version: &amp;apos;10.0&amp;apos;, java.version: &amp;apos;17.0.12&amp;apos;
Driver info: org.openqa.selenium.chrome.ChromeDriver
Command: [f38fa12bf4396146d1aa4451d3b0003c, clickElement {id=f.E498B52EC08F50E392D8CF3C1643E87E.d.08ECD4FC18DC6372A28CAA5D3FC9E019.e.564}]
Capabilities {acceptInsecureCerts: false, browserName: chrome, browserVersion: 131.0.6778.205, chrome: {chromedriverVersion: 131.0.6778.204 (52183f9e99a..., userDataDir: C:\Users\Admin\AppData\Loca...}, fedcm:accounts: true, goog:chromeOptions: {debuggerAddress: localhost:53231}, networkConnectionEnabled: false, pageLoadStrategy: normal, platformName: windows, proxy: Proxy(), se:cdp: ws://localhost:53231/devtoo..., se:cdpVersion: 131.0.6778.205, setWindowRect: true, strictFileInteractability: false, timeouts: {implicit: 0, pageLoad: 300000, script: 30000}, unhandledPromptBehavior: dismiss and notify, webauthn:extension:credBlob: true, webauthn:extension:largeBlob: true, webauthn:extension:minPinLength: true, webauthn:extension:prf: true, webauthn:virtualAuthenticators: true}
Element: [[ChromeDriver: chrome on windows (f38fa12bf4396146d1aa4451d3b0003c)] -&amp;gt; id: ctl00_ContentPlaceHolder1_btnCategoryWise]
Session ID: f38fa12bf4396146d1aa4451d3b0003c">
      <![CDATA[org.openqa.selenium.ElementClickInterceptedException: element click intercepted: Element <input type="submit" name="ctl00$ContentPlaceHolder1$btnCategoryWise" value="Degree Wise" id="ctl00_ContentPlaceHolder1_btnCategoryWise" tabindex="1" class="btn btn-info"> is not clickable at point (418, 425). Other element would receive the click: <div id="preloader">...</div>
  (Session info: chrome=131.0.6778.205)
Build info: version: '4.22.0', revision: 'c5f3146703*'
System info: os.name: 'Windows 10', os.arch: 'amd64', os.version: '10.0', java.version: '17.0.12'
Driver info: org.openqa.selenium.chrome.ChromeDriver
Command: [f38fa12bf4396146d1aa4451d3b0003c, clickElement {id=f.E498B52EC08F50E392D8CF3C1643E87E.d.08ECD4FC18DC6372A28CAA5D3FC9E019.e.564}]
Capabilities {acceptInsecureCerts: false, browserName: chrome, browserVersion: 131.0.6778.205, chrome: {chromedriverVersion: 131.0.6778.204 (52183f9e99a..., userDataDir: C:\Users\Admin\AppData\Loca...}, fedcm:accounts: true, goog:chromeOptions: {debuggerAddress: localhost:53231}, networkConnectionEnabled: false, pageLoadStrategy: normal, platformName: windows, proxy: Proxy(), se:cdp: ws://localhost:53231/devtoo..., se:cdpVersion: 131.0.6778.205, setWindowRect: true, strictFileInteractability: false, timeouts: {implicit: 0, pageLoad: 300000, script: 30000}, unhandledPromptBehavior: dismiss and notify, webauthn:extension:credBlob: true, webauthn:extension:largeBlob: true, webauthn:extension:minPinLength: true, webauthn:extension:prf: true, webauthn:virtualAuthenticators: true}
Element: [[ChromeDriver: chrome on windows (f38fa12bf4396146d1aa4451d3b0003c)] -> id: ctl00_ContentPlaceHolder1_btnCategoryWise]
Session ID: f38fa12bf4396146d1aa4451d3b0003c
at org.openqa.selenium.remote.ErrorCodec.decode(ErrorCodec.java:167)
at org.openqa.selenium.remote.codec.w3c.W3CHttpResponseCodec.decode(W3CHttpResponseCodec.java:138)
at org.openqa.selenium.remote.codec.w3c.W3CHttpResponseCodec.decode(W3CHttpResponseCodec.java:50)
at org.openqa.selenium.remote.HttpCommandExecutor.execute(HttpCommandExecutor.java:190)
at org.openqa.selenium.remote.service.DriverCommandExecutor.invokeExecute(DriverCommandExecutor.java:216)
at org.openqa.selenium.remote.service.DriverCommandExecutor.execute(DriverCommandExecutor.java:174)
at org.openqa.selenium.remote.RemoteWebDriver.execute(RemoteWebDriver.java:518)
at org.openqa.selenium.remote.RemoteWebElement.execute(RemoteWebElement.java:223)
at org.openqa.selenium.remote.RemoteWebElement.click(RemoteWebElement.java:76)
at utility.BaseClass.click(BaseClass.java:89)
at Examination.AL_Examination_ER_ExamReports_DegreeWise.degreeWise(AL_Examination_ER_ExamReports_DegreeWise.java:103)
at ExaminationTest.AL_Examination_ER_ExamReports_DegreeWiseTest.aL_Examination_ER_ExamReports_DegreeWiseTest(AL_Examination_ER_ExamReports_DegreeWiseTest.java:78)
at java.base/java.util.ArrayList.forEach(ArrayList.java:1511)
... Removed 33 stack frames]]>
    </failure>
  </testcase> <!-- aL_Examination_ER_ExamReports_DegreeWiseTest -->
</testsuite> <!-- AL_Examination_ER_ExamReports_DegreeWiseTest -->
