<?xml version="1.0" encoding="UTF-8"?>
<!-- Generated by org.testng.reporters.JUnitXMLReporter -->
<testsuite ignored="0" hostname="IITMSPC120" failures="1" tests="1" name="24_AL_Examination_ER_ExamReports_BranchSemisterWiseResultAnalysisTest" time="52.606" errors="0" timestamp="2025-01-15T01:03:26 IST">
  <testcase classname="ExaminationTest.AL_Examination_ER_ExamReports_BranchSemisterWiseResultAnalysisTest" name="aL_Examination_ER_ExamReports_BranchSemisterWiseResultAnalysisTest" time="48.327">
    <failure type="org.openqa.selenium.StaleElementReferenceException" message="stale element reference: stale element not found in the current frame
  (Session info: chrome=131.0.6778.265)
For documentation on this error, please visit: https://www.selenium.dev/documentation/webdriver/troubleshooting/errors#stale-element-reference-exception
Build info: version: &amp;apos;4.22.0&amp;apos;, revision: &amp;apos;c5f3146703*&amp;apos;
System info: os.name: &amp;apos;Windows 10&amp;apos;, os.arch: &amp;apos;amd64&amp;apos;, os.version: &amp;apos;10.0&amp;apos;, java.version: &amp;apos;17.0.12&amp;apos;
Driver info: org.openqa.selenium.chrome.ChromeDriver
Command: [3093b5f46aafcd324fc59b21343ccc98, clickElement {id=f.C06C2C97A2E0D6768A807B12593AC92B.d.490BC99CA90DBF5E722325E48B009599.e.551}]
Capabilities {acceptInsecureCerts: false, browserName: chrome, browserVersion: 131.0.6778.265, chrome: {chromedriverVersion: 131.0.6778.264 (2d05e315153..., userDataDir: C:\Users\Admin\AppData\Loca...}, fedcm:accounts: true, goog:chromeOptions: {debuggerAddress: localhost:52498}, networkConnectionEnabled: false, pageLoadStrategy: normal, platformName: windows, proxy: Proxy(), se:cdp: ws://localhost:52498/devtoo..., se:cdpVersion: 131.0.6778.265, setWindowRect: true, strictFileInteractability: false, timeouts: {implicit: 0, pageLoad: 300000, script: 30000}, unhandledPromptBehavior: dismiss and notify, webauthn:extension:credBlob: true, webauthn:extension:largeBlob: true, webauthn:extension:minPinLength: true, webauthn:extension:prf: true, webauthn:virtualAuthenticators: true}
Element: [[ChromeDriver: chrome on windows (3093b5f46aafcd324fc59b21343ccc98)] -&amp;gt; id: ctl00_ContentPlaceHolder1_btnBranchSemAnalysis]
Session ID: 3093b5f46aafcd324fc59b21343ccc98">
      <![CDATA[org.openqa.selenium.StaleElementReferenceException: stale element reference: stale element not found in the current frame
  (Session info: chrome=131.0.6778.265)
For documentation on this error, please visit: https://www.selenium.dev/documentation/webdriver/troubleshooting/errors#stale-element-reference-exception
Build info: version: '4.22.0', revision: 'c5f3146703*'
System info: os.name: 'Windows 10', os.arch: 'amd64', os.version: '10.0', java.version: '17.0.12'
Driver info: org.openqa.selenium.chrome.ChromeDriver
Command: [3093b5f46aafcd324fc59b21343ccc98, clickElement {id=f.C06C2C97A2E0D6768A807B12593AC92B.d.490BC99CA90DBF5E722325E48B009599.e.551}]
Capabilities {acceptInsecureCerts: false, browserName: chrome, browserVersion: 131.0.6778.265, chrome: {chromedriverVersion: 131.0.6778.264 (2d05e315153..., userDataDir: C:\Users\Admin\AppData\Loca...}, fedcm:accounts: true, goog:chromeOptions: {debuggerAddress: localhost:52498}, networkConnectionEnabled: false, pageLoadStrategy: normal, platformName: windows, proxy: Proxy(), se:cdp: ws://localhost:52498/devtoo..., se:cdpVersion: 131.0.6778.265, setWindowRect: true, strictFileInteractability: false, timeouts: {implicit: 0, pageLoad: 300000, script: 30000}, unhandledPromptBehavior: dismiss and notify, webauthn:extension:credBlob: true, webauthn:extension:largeBlob: true, webauthn:extension:minPinLength: true, webauthn:extension:prf: true, webauthn:virtualAuthenticators: true}
Element: [[ChromeDriver: chrome on windows (3093b5f46aafcd324fc59b21343ccc98)] -> id: ctl00_ContentPlaceHolder1_btnBranchSemAnalysis]
Session ID: 3093b5f46aafcd324fc59b21343ccc98
at org.openqa.selenium.remote.ErrorCodec.decode(ErrorCodec.java:167)
at org.openqa.selenium.remote.codec.w3c.W3CHttpResponseCodec.decode(W3CHttpResponseCodec.java:138)
at org.openqa.selenium.remote.codec.w3c.W3CHttpResponseCodec.decode(W3CHttpResponseCodec.java:50)
at org.openqa.selenium.remote.HttpCommandExecutor.execute(HttpCommandExecutor.java:190)
at org.openqa.selenium.remote.service.DriverCommandExecutor.invokeExecute(DriverCommandExecutor.java:216)
at org.openqa.selenium.remote.service.DriverCommandExecutor.execute(DriverCommandExecutor.java:174)
at org.openqa.selenium.remote.RemoteWebDriver.execute(RemoteWebDriver.java:518)
at org.openqa.selenium.remote.RemoteWebElement.execute(RemoteWebElement.java:223)
at org.openqa.selenium.remote.RemoteWebElement.click(RemoteWebElement.java:76)
at utility.BaseClass.click(BaseClass.java:89)
at Examination.AL_Examination_ER_ExamReports_BranchSemisterWiseResultAnalysis.Branch_sem_result_analysis_btn(AL_Examination_ER_ExamReports_BranchSemisterWiseResultAnalysis.java:103)
at ExaminationTest.AL_Examination_ER_ExamReports_BranchSemisterWiseResultAnalysisTest.aL_Examination_ER_ExamReports_BranchSemisterWiseResultAnalysisTest(AL_Examination_ER_ExamReports_BranchSemisterWiseResultAnalysisTest.java:78)
at java.base/java.util.ArrayList.forEach(ArrayList.java:1511)
... Removed 33 stack frames]]>
    </failure>
  </testcase> <!-- aL_Examination_ER_ExamReports_BranchSemisterWiseResultAnalysisTest -->
</testsuite> <!-- 24_AL_Examination_ER_ExamReports_BranchSemisterWiseResultAnalysisTest -->
