<?xml version="1.0" encoding="UTF-8"?>
<!-- Generated by org.testng.reporters.JUnitXMLReporter -->
<testsuite ignored="0" hostname="IITMSPC120" failures="1" tests="1" name="15_AL_Examination_PEA_ExamTimeTableTest" time="299.319" errors="0" timestamp="2025-01-15T11:55:30 IST">
  <testcase classname="ExaminationTest.AL_Examination_PEA_ExamTimeTableTest" name="aL_Examination_PEA_ExamTimeTableTest" time="295.691">
    <failure type="org.openqa.selenium.NoSuchElementException" message="Cannot locate option with text: CSA - B. Arch-Architecture-2022-23-Crescent School of Architecture (New Scheme)
For documentation on this error, please visit: https://www.selenium.dev/documentation/webdriver/troubleshooting/errors#no-such-element-exception
Build info: version: &amp;apos;4.22.0&amp;apos;, revision: &amp;apos;c5f3146703*&amp;apos;
System info: os.name: &amp;apos;Windows 10&amp;apos;, os.arch: &amp;apos;amd64&amp;apos;, os.version: &amp;apos;10.0&amp;apos;, java.version: &amp;apos;17.0.12&amp;apos;
Driver info: driver.version: unknown">
      <![CDATA[org.openqa.selenium.NoSuchElementException: Cannot locate option with text: CSA - B. Arch-Architecture-2022-23-Crescent School of Architecture (New Scheme)
For documentation on this error, please visit: https://www.selenium.dev/documentation/webdriver/troubleshooting/errors#no-such-element-exception
Build info: version: '4.22.0', revision: 'c5f3146703*'
System info: os.name: 'Windows 10', os.arch: 'amd64', os.version: '10.0', java.version: '17.0.12'
Driver info: driver.version: unknown
at org.openqa.selenium.support.ui.Select.selectByVisibleText(Select.java:153)
at ExaminationTest.AL_Examination_PEA_ExamTimeTableTest.aL_Examination_PEA_ExamTimeTableTest(AL_Examination_PEA_ExamTimeTableTest.java:66)
at java.base/java.util.ArrayList.forEach(ArrayList.java:1511)
... Removed 27 stack frames]]>
    </failure>
  </testcase> <!-- aL_Examination_PEA_ExamTimeTableTest -->
</testsuite> <!-- 15_AL_Examination_PEA_ExamTimeTableTest -->
