<?xml version="1.0" encoding="UTF-8"?>
<!-- Generated by org.testng.reporters.JUnitXMLReporter -->
<testsuite ignored="0" hostname="IITMSPC120" failures="1" tests="1" name="15_SL_Academic_SR_StudentCompleteDetailTest" time="123.323" errors="0" timestamp="2025-01-20T19:41:26 IST">
  <testcase classname="RFCCAcademicTest.SL_Academic_SR_StudentCompleteDetailTest" name="sL_Academic_SR_StudentCompleteDetailTest" time="85.212">
    <failure type="org.openqa.selenium.NoSuchElementException" message="Cannot locate option with text: 2023-2024
For documentation on this error, please visit: https://www.selenium.dev/documentation/webdriver/troubleshooting/errors#no-such-element-exception
Build info: version: &amp;apos;4.22.0&amp;apos;, revision: &amp;apos;c5f3146703*&amp;apos;
System info: os.name: &amp;apos;Windows 10&amp;apos;, os.arch: &amp;apos;amd64&amp;apos;, os.version: &amp;apos;10.0&amp;apos;, java.version: &amp;apos;17.0.12&amp;apos;
Driver info: driver.version: unknown">
      <![CDATA[org.openqa.selenium.NoSuchElementException: Cannot locate option with text: 2023-2024
For documentation on this error, please visit: https://www.selenium.dev/documentation/webdriver/troubleshooting/errors#no-such-element-exception
Build info: version: '4.22.0', revision: 'c5f3146703*'
System info: os.name: 'Windows 10', os.arch: 'amd64', os.version: '10.0', java.version: '17.0.12'
Driver info: driver.version: unknown
at org.openqa.selenium.support.ui.Select.selectByVisibleText(Select.java:153)
at RFCCAcademicTest.SL_Academic_SR_StudentCompleteDetailTest.sL_Academic_SR_StudentCompleteDetailTest(SL_Academic_SR_StudentCompleteDetailTest.java:85)
at java.base/java.util.ArrayList.forEach(ArrayList.java:1511)
... Removed 27 stack frames]]>
    </failure>
  </testcase> <!-- sL_Academic_SR_StudentCompleteDetailTest -->
</testsuite> <!-- 15_SL_Academic_SR_StudentCompleteDetailTest -->
