<?xml version="1.0" encoding="UTF-8"?>
<!-- Generated by org.testng.reporters.JUnitXMLReporter -->
<testsuite ignored="0" hostname="IITMSPC120" failures="1" tests="1" name="31. AL_Payroll_Trans_MW_ArrearsCalculationTest" time="89.54" errors="0" timestamp="2025-01-15T12:37:18 IST">
  <testcase classname="PayrollTest.AL_Payroll_Trans_MW_ArrearsCalculationTest" name="aL_Payroll_Trans_MW_ArrearsCalculationTest" time="80.775">
    <failure type="org.openqa.selenium.ElementClickInterceptedException" message="element click intercepted: Element &amp;lt;i id=&amp;quot;ctl00_ContentPlaceHolder1_imgCPTCalToDate&amp;quot; class=&amp;quot;fa fa-calendar text-blue&amp;quot;&amp;gt;&amp;lt;/i&amp;gt; is not clickable at point (1103, 246). Other element would receive the click: &amp;lt;div id=&amp;quot;preloader&amp;quot;&amp;gt;...&amp;lt;/div&amp;gt;
  (Session info: chrome=131.0.6778.265)
Build info: version: &amp;apos;4.22.0&amp;apos;, revision: &amp;apos;c5f3146703*&amp;apos;
System info: os.name: &amp;apos;Windows 10&amp;apos;, os.arch: &amp;apos;amd64&amp;apos;, os.version: &amp;apos;10.0&amp;apos;, java.version: &amp;apos;17.0.12&amp;apos;
Driver info: org.openqa.selenium.chrome.ChromeDriver
Command: [28dbc5617f3534f417eb990c8628926c, clickElement {id=f.83AD1DF290B051962DD8D125B8FF67F0.d.19294A6BE31BA68202170848B3A6E670.e.51657}]
Capabilities {acceptInsecureCerts: false, browserName: chrome, browserVersion: 131.0.6778.265, chrome: {chromedriverVersion: 131.0.6778.264 (2d05e315153..., userDataDir: C:\Users\Admin\AppData\Loca...}, fedcm:accounts: true, goog:chromeOptions: {debuggerAddress: localhost:55726}, networkConnectionEnabled: false, pageLoadStrategy: normal, platformName: windows, proxy: Proxy(), se:cdp: ws://localhost:55726/devtoo..., se:cdpVersion: 131.0.6778.265, setWindowRect: true, strictFileInteractability: false, timeouts: {implicit: 0, pageLoad: 300000, script: 30000}, unhandledPromptBehavior: dismiss and notify, webauthn:extension:credBlob: true, webauthn:extension:largeBlob: true, webauthn:extension:minPinLength: true, webauthn:extension:prf: true, webauthn:virtualAuthenticators: true}
Element: [[ChromeDriver: chrome on windows (28dbc5617f3534f417eb990c8628926c)] -&amp;gt; id: ctl00_ContentPlaceHolder1_imgCPTCalToDate]
Session ID: 28dbc5617f3534f417eb990c8628926c">
      <![CDATA[org.openqa.selenium.ElementClickInterceptedException: element click intercepted: Element <i id="ctl00_ContentPlaceHolder1_imgCPTCalToDate" class="fa fa-calendar text-blue"></i> is not clickable at point (1103, 246). Other element would receive the click: <div id="preloader">...</div>
  (Session info: chrome=131.0.6778.265)
Build info: version: '4.22.0', revision: 'c5f3146703*'
System info: os.name: 'Windows 10', os.arch: 'amd64', os.version: '10.0', java.version: '17.0.12'
Driver info: org.openqa.selenium.chrome.ChromeDriver
Command: [28dbc5617f3534f417eb990c8628926c, clickElement {id=f.83AD1DF290B051962DD8D125B8FF67F0.d.19294A6BE31BA68202170848B3A6E670.e.51657}]
Capabilities {acceptInsecureCerts: false, browserName: chrome, browserVersion: 131.0.6778.265, chrome: {chromedriverVersion: 131.0.6778.264 (2d05e315153..., userDataDir: C:\Users\Admin\AppData\Loca...}, fedcm:accounts: true, goog:chromeOptions: {debuggerAddress: localhost:55726}, networkConnectionEnabled: false, pageLoadStrategy: normal, platformName: windows, proxy: Proxy(), se:cdp: ws://localhost:55726/devtoo..., se:cdpVersion: 131.0.6778.265, setWindowRect: true, strictFileInteractability: false, timeouts: {implicit: 0, pageLoad: 300000, script: 30000}, unhandledPromptBehavior: dismiss and notify, webauthn:extension:credBlob: true, webauthn:extension:largeBlob: true, webauthn:extension:minPinLength: true, webauthn:extension:prf: true, webauthn:virtualAuthenticators: true}
Element: [[ChromeDriver: chrome on windows (28dbc5617f3534f417eb990c8628926c)] -> id: ctl00_ContentPlaceHolder1_imgCPTCalToDate]
Session ID: 28dbc5617f3534f417eb990c8628926c
at org.openqa.selenium.remote.ErrorCodec.decode(ErrorCodec.java:167)
at org.openqa.selenium.remote.codec.w3c.W3CHttpResponseCodec.decode(W3CHttpResponseCodec.java:138)
at org.openqa.selenium.remote.codec.w3c.W3CHttpResponseCodec.decode(W3CHttpResponseCodec.java:50)
at org.openqa.selenium.remote.HttpCommandExecutor.execute(HttpCommandExecutor.java:190)
at org.openqa.selenium.remote.service.DriverCommandExecutor.invokeExecute(DriverCommandExecutor.java:216)
at org.openqa.selenium.remote.service.DriverCommandExecutor.execute(DriverCommandExecutor.java:174)
at org.openqa.selenium.remote.RemoteWebDriver.execute(RemoteWebDriver.java:518)
at org.openqa.selenium.remote.RemoteWebElement.execute(RemoteWebElement.java:223)
at org.openqa.selenium.remote.RemoteWebElement.click(RemoteWebElement.java:76)
at Payroll.AL_Payroll_Trans_MW_ArrearsCalculation.Set_ToDate(AL_Payroll_Trans_MW_ArrearsCalculation.java:114)
at PayrollTest.AL_Payroll_Trans_MW_ArrearsCalculationTest.aL_Payroll_Trans_MW_ArrearsCalculationTest(AL_Payroll_Trans_MW_ArrearsCalculationTest.java:79)
at java.base/java.util.ArrayList.forEach(ArrayList.java:1511)
... Removed 32 stack frames]]>
    </failure>
  </testcase> <!-- aL_Payroll_Trans_MW_ArrearsCalculationTest -->
</testsuite> <!-- 31. AL_Payroll_Trans_MW_ArrearsCalculationTest -->
