<?xml version="1.0" encoding="UTF-8"?>
<!-- Generated by org.testng.reporters.JUnitXMLReporter -->
<testsuite ignored="0" hostname="IITMSPC120" failures="1" tests="1" name="AL_Academic_AP_NewStudentTest" time="132.988" errors="0" timestamp="2024-12-31T19:43:16 IST">
  <testcase classname="RFCCAcademicTest.AL_Academic_AP_NewStudentTest" name="aL_Academic_AP_NewStudentTest" time="128.196">
    <failure type="org.openqa.selenium.NoSuchElementException" message="Cannot locate option with text: III
For documentation on this error, please visit: https://www.selenium.dev/documentation/webdriver/troubleshooting/errors#no-such-element-exception
Build info: version: &amp;apos;4.22.0&amp;apos;, revision: &amp;apos;c5f3146703*&amp;apos;
System info: os.name: &amp;apos;Windows 10&amp;apos;, os.arch: &amp;apos;amd64&amp;apos;, os.version: &amp;apos;10.0&amp;apos;, java.version: &amp;apos;17.0.12&amp;apos;
Driver info: driver.version: unknown">
      <![CDATA[org.openqa.selenium.NoSuchElementException: Cannot locate option with text: III
For documentation on this error, please visit: https://www.selenium.dev/documentation/webdriver/troubleshooting/errors#no-such-element-exception
Build info: version: '4.22.0', revision: 'c5f3146703*'
System info: os.name: 'Windows 10', os.arch: 'amd64', os.version: '10.0', java.version: '17.0.12'
Driver info: driver.version: unknown
at org.openqa.selenium.support.ui.Select.selectByVisibleText(Select.java:153)
at RFCCAcademicTest.AL_Academic_AP_NewStudentTest.aL_Academic_AP_NewStudentTest(AL_Academic_AP_NewStudentTest.java:195)
at java.base/java.util.ArrayList.forEach(ArrayList.java:1511)
... Removed 28 stack frames]]>
    </failure>
  </testcase> <!-- aL_Academic_AP_NewStudentTest -->
</testsuite> <!-- AL_Academic_AP_NewStudentTest -->
