<?xml version="1.0" encoding="UTF-8"?>
<!-- Generated by org.testng.reporters.JUnitXMLReporter -->
<testsuite ignored="0" hostname="IITMSLP232" failures="1" tests="1" name="AL_Administration_VM_Trans_BusMappingStructureTest" time="94.028" errors="0" timestamp="2025-01-31T10:51:50 IST">
  <testcase classname="AdministrationTest.AL_Administration_VM_Trans_BusMappingStructureTest" name="aL_Administration_Trans_BusMappingStructureTest" time="78.021">
    <failure type="org.openqa.selenium.ElementClickInterceptedException" message="element click intercepted: Element &amp;lt;input type=&amp;quot;submit&amp;quot; name=&amp;quot;ctl00$ContentPlaceHolder1$btnShowBusStr&amp;quot; value=&amp;quot;Show Bus Structure&amp;quot; id=&amp;quot;ctl00_ContentPlaceHolder1_btnShowBusStr&amp;quot; tabindex=&amp;quot;10&amp;quot; title=&amp;quot;Click here to Show Bus Structure&amp;quot; class=&amp;quot;btn btn-info&amp;quot;&amp;gt; is not clickable at point (666, 229). Other element would receive the click: &amp;lt;div id=&amp;quot;preloader&amp;quot;&amp;gt;...&amp;lt;/div&amp;gt;
  (Session info: chrome=132.0.6834.112)
Build info: version: &amp;apos;4.22.0&amp;apos;, revision: &amp;apos;c5f3146703*&amp;apos;
System info: os.name: &amp;apos;Windows 11&amp;apos;, os.arch: &amp;apos;amd64&amp;apos;, os.version: &amp;apos;10.0&amp;apos;, java.version: &amp;apos;17.0.13&amp;apos;
Driver info: org.openqa.selenium.chrome.ChromeDriver
Command: [3ed5dc0afce92f35f00167469da2a8bc, clickElement {id=f.8F81A8113FCF0D41922CE5A3B54A3485.d.9B7CE1D1E0B11131F533C12DFEC7D2EF.e.324}]
Capabilities {acceptInsecureCerts: false, browserName: chrome, browserVersion: 132.0.6834.112, chrome: {chromedriverVersion: 132.0.6834.159 (2d77d3fc445..., userDataDir: C:\Users\Admin\AppData\Loca...}, fedcm:accounts: true, goog:chromeOptions: {debuggerAddress: localhost:52865}, networkConnectionEnabled: false, pageLoadStrategy: normal, platformName: windows, proxy: Proxy(), se:cdp: ws://localhost:52865/devtoo..., se:cdpVersion: 132.0.6834.112, setWindowRect: true, strictFileInteractability: false, timeouts: {implicit: 0, pageLoad: 300000, script: 30000}, unhandledPromptBehavior: dismiss and notify, webauthn:extension:credBlob: true, webauthn:extension:largeBlob: true, webauthn:extension:minPinLength: true, webauthn:extension:prf: true, webauthn:virtualAuthenticators: true}
Element: [[ChromeDriver: chrome on windows (3ed5dc0afce92f35f00167469da2a8bc)] -&amp;gt; id: ctl00_ContentPlaceHolder1_btnShowBusStr]
Session ID: 3ed5dc0afce92f35f00167469da2a8bc">
      <![CDATA[org.openqa.selenium.ElementClickInterceptedException: element click intercepted: Element <input type="submit" name="ctl00$ContentPlaceHolder1$btnShowBusStr" value="Show Bus Structure" id="ctl00_ContentPlaceHolder1_btnShowBusStr" tabindex="10" title="Click here to Show Bus Structure" class="btn btn-info"> is not clickable at point (666, 229). Other element would receive the click: <div id="preloader">...</div>
  (Session info: chrome=132.0.6834.112)
Build info: version: '4.22.0', revision: 'c5f3146703*'
System info: os.name: 'Windows 11', os.arch: 'amd64', os.version: '10.0', java.version: '17.0.13'
Driver info: org.openqa.selenium.chrome.ChromeDriver
Command: [3ed5dc0afce92f35f00167469da2a8bc, clickElement {id=f.8F81A8113FCF0D41922CE5A3B54A3485.d.9B7CE1D1E0B11131F533C12DFEC7D2EF.e.324}]
Capabilities {acceptInsecureCerts: false, browserName: chrome, browserVersion: 132.0.6834.112, chrome: {chromedriverVersion: 132.0.6834.159 (2d77d3fc445..., userDataDir: C:\Users\Admin\AppData\Loca...}, fedcm:accounts: true, goog:chromeOptions: {debuggerAddress: localhost:52865}, networkConnectionEnabled: false, pageLoadStrategy: normal, platformName: windows, proxy: Proxy(), se:cdp: ws://localhost:52865/devtoo..., se:cdpVersion: 132.0.6834.112, setWindowRect: true, strictFileInteractability: false, timeouts: {implicit: 0, pageLoad: 300000, script: 30000}, unhandledPromptBehavior: dismiss and notify, webauthn:extension:credBlob: true, webauthn:extension:largeBlob: true, webauthn:extension:minPinLength: true, webauthn:extension:prf: true, webauthn:virtualAuthenticators: true}
Element: [[ChromeDriver: chrome on windows (3ed5dc0afce92f35f00167469da2a8bc)] -> id: ctl00_ContentPlaceHolder1_btnShowBusStr]
Session ID: 3ed5dc0afce92f35f00167469da2a8bc
at org.openqa.selenium.remote.ErrorCodec.decode(ErrorCodec.java:167)
at org.openqa.selenium.remote.codec.w3c.W3CHttpResponseCodec.decode(W3CHttpResponseCodec.java:138)
at org.openqa.selenium.remote.codec.w3c.W3CHttpResponseCodec.decode(W3CHttpResponseCodec.java:50)
at org.openqa.selenium.remote.HttpCommandExecutor.execute(HttpCommandExecutor.java:190)
at org.openqa.selenium.remote.service.DriverCommandExecutor.invokeExecute(DriverCommandExecutor.java:216)
at org.openqa.selenium.remote.service.DriverCommandExecutor.execute(DriverCommandExecutor.java:174)
at org.openqa.selenium.remote.RemoteWebDriver.execute(RemoteWebDriver.java:518)
at org.openqa.selenium.remote.RemoteWebElement.execute(RemoteWebElement.java:223)
at org.openqa.selenium.remote.RemoteWebElement.click(RemoteWebElement.java:76)
at AdministrationTest.AL_Administration_VM_Trans_BusMappingStructureTest.aL_Administration_Trans_BusMappingStructureTest(AL_Administration_VM_Trans_BusMappingStructureTest.java:101)
at java.base/java.util.ArrayList.forEach(ArrayList.java:1511)
... Removed 32 stack frames]]>
    </failure>
  </testcase> <!-- aL_Administration_Trans_BusMappingStructureTest -->
</testsuite> <!-- AL_Administration_VM_Trans_BusMappingStructureTest -->
